<?xml version="1.0" encoding="UTF-8"?>
<!-- Generated by org.testng.reporters.JUnitXMLReporter -->
<testsuite ignored="0" hostname="WINCTRL-BKLIGP2" failures="0" tests="3" name="Default test" time="73.91" errors="0" timestamp="2023-02-05T14:53:49 IST">
  <testcase classname="Module1_Test.Guru99_Insurance_TestNG_TestClass" name="CalculatePremium" time="19.451"/>
  <testcase classname="Module1_Test.Guru99_Insurance_TestNG_TestClass" name="getTitle" time="0.416"/>
  <testcase classname="Module1_Test.Guru99_Insurance_TestNG_TestClass" name="verifytEmailAddressofGuru99" time="0.194"/>
</testsuite> <!-- Default test -->
